<?xml version="1.0" encoding="UTF-8"?>
<!-- Generated by org.testng.reporters.JUnitXMLReporter -->
<testsuite ignored="2" hostname="DESKTOP-83F7CIR" failures="0" tests="1" name="Default test" time="20.133" errors="0" timestamp="2024-11-28T15:58:38 EST">
  <testcase classname="com.sevenrmartsupermarket.tests.DashBoardTest" name="verifyAdminHome" time="5.43"/>
  <testcase classname="com.sevenrmartsupermarket.tests.DashBoardTest" name="verifyAllCategory" time="0.0">
    <ignored/>
  </testcase> <!-- verifyAllCategory -->
  <testcase classname="com.sevenrmartsupermarket.tests.DashBoardTest" name="verifyAdminUserInfoClick" time="0.0">
    <ignored/>
  </testcase> <!-- verifyAdminUserInfoClick -->
</testsuite> <!-- Default test -->
