<?xml version="1.0" encoding="UTF-8"?>
<testng-results ignored="0" total="1" passed="1" failed="0" skipped="0">
  <reporter-output>
  </reporter-output>
  <suite started-at="2024-11-28T15:58:17 EST" name="Default suite" finished-at="2024-11-28T15:58:38 EST" duration-ms="20133">
    <groups>
    </groups>
    <test started-at="2024-11-28T15:58:17 EST" name="Default test" finished-at="2024-11-28T15:58:38 EST" duration-ms="20133">
      <class name="com.sevenrmartsupermarket.tests.DashBoardTest">
        <test-method is-config="true" signature="launchBrowser()[pri:0, instance:com.sevenrmartsupermarket.tests.DashBoardTest@6cb107fd]" started-at="2024-11-28T15:58:18 EST" name="launchBrowser" finished-at="2024-11-28T15:58:32 EST" duration-ms="14417" status="PASS">
          <reporter-output>
          </reporter-output>
        </test-method> <!-- launchBrowser -->
        <test-method signature="verifyAdminHome()[pri:0, instance:com.sevenrmartsupermarket.tests.DashBoardTest@6cb107fd]" started-at="2024-11-28T15:58:32 EST" name="verifyAdminHome" finished-at="2024-11-28T15:58:37 EST" duration-ms="5430" status="PASS">
          <reporter-output>
          </reporter-output>
        </test-method> <!-- verifyAdminHome -->
        <test-method is-config="true" signature="terminateSession(org.testng.ITestResult)[pri:0, instance:com.sevenrmartsupermarket.tests.DashBoardTest@6cb107fd]" started-at="2024-11-28T15:58:37 EST" name="terminateSession" finished-at="2024-11-28T15:58:37 EST" duration-ms="24" status="PASS">
          <params>
            <param index="0">
              <value>
                <![CDATA[[TestResult name=verifyAdminHome status=SUCCESS method=DashBoardTest.verifyAdminHome()[pri:0, instance:com.sevenrmartsupermarket.tests.DashBoardTest@6cb107fd] output={null}]]]>
              </value>
            </param>
          </params>
          <reporter-output>
          </reporter-output>
        </test-method> <!-- terminateSession -->
      </class> <!-- com.sevenrmartsupermarket.tests.DashBoardTest -->
    </test> <!-- Default test -->
  </suite> <!-- Default suite -->
</testng-results>
